Build started 10/27/2014 11:20:43 AM.
     1>Project "F:\Documents\Visual Studio 2013\Projects\lab7\lab7\lab7\lab7.vcxproj" on node 2 (Build target(s)).
     1>ClCompile:
         C:\Program Files (x86)\Microsoft Visual Studio 12.0\VC\bin\CL.exe /c /ZI /nologo /W3 /WX- /sdl /Od /Oy- /D _MBCS /Gm /EHsc /RTC1 /MDd /GS /fp:precise /Zc:wchar_t /Zc:forScope /Fo"Debug\\" /Fd"Debug\vc120.pdb" /Gd /TP /analyze- /errorReport:prompt Source.cpp
         Source.cpp
     1>f:\documents\visual studio 2013\projects\lab7\lab7\lab7\source.cpp(56): warning C4018: '<' : signed/unsigned mismatch
     1>f:\documents\visual studio 2013\projects\lab7\lab7\lab7\source.cpp(58): warning C4018: '<' : signed/unsigned mismatch
     1>f:\documents\visual studio 2013\projects\lab7\lab7\lab7\source.cpp(72): warning C4018: '<' : signed/unsigned mismatch
     1>f:\documents\visual studio 2013\projects\lab7\lab7\lab7\source.cpp(111): warning C4244: 'initializing' : conversion from 'double' to 'int', possible loss of data
     1>f:\documents\visual studio 2013\projects\lab7\lab7\lab7\source.cpp(111): warning C4018: '<' : signed/unsigned mismatch
     1>f:\documents\visual studio 2013\projects\lab7\lab7\lab7\source.cpp(128): warning C4244: 'initializing' : conversion from 'double' to 'int', possible loss of data
     1>f:\documents\visual studio 2013\projects\lab7\lab7\lab7\source.cpp(145): warning C4018: '<' : signed/unsigned mismatch
     1>f:\documents\visual studio 2013\projects\lab7\lab7\lab7\source.cpp(181): warning C4244: 'argument' : conversion from 'time_t' to 'unsigned int', possible loss of data
     1>f:\documents\visual studio 2013\projects\lab7\lab7\lab7\source.cpp(215): warning C4018: '<' : signed/unsigned mismatch
     1>f:\documents\visual studio 2013\projects\lab7\lab7\lab7\source.cpp(218): warning C4018: '<' : signed/unsigned mismatch
     1>f:\documents\visual studio 2013\projects\lab7\lab7\lab7\source.cpp(177): warning C4715: 'tournament' : not all control paths return a value
       Link:
         C:\Program Files (x86)\Microsoft Visual Studio 12.0\VC\bin\link.exe /ERRORREPORT:PROMPT /OUT:"F:\Documents\Visual Studio 2013\Projects\lab7\lab7\Debug\lab7.exe" /INCREMENTAL /NOLOGO kernel32.lib user32.lib gdi32.lib winspool.lib comdlg32.lib advapi32.lib shell32.lib ole32.lib oleaut32.lib uuid.lib odbc32.lib odbccp32.lib /MANIFEST /MANIFESTUAC:"level='asInvoker' uiAccess='false'" /manifest:embed /DEBUG /PDB:"F:\Documents\Visual Studio 2013\Projects\lab7\lab7\Debug\lab7.pdb" /TLBID:1 /DYNAMICBASE /NXCOMPAT /IMPLIB:"F:\Documents\Visual Studio 2013\Projects\lab7\lab7\Debug\lab7.lib" /MACHINE:X86 Debug\Source.obj
         lab7.vcxproj -> F:\Documents\Visual Studio 2013\Projects\lab7\lab7\Debug\lab7.exe
     1>Done Building Project "F:\Documents\Visual Studio 2013\Projects\lab7\lab7\lab7\lab7.vcxproj" (Build target(s)).

Build succeeded.

Time Elapsed 00:00:01.76
